C51 COMPILER V9.60.0.0   24C02                                                             12/12/2023 15:00:35 PAGE 1   


C51 COMPILER V9.60.0.0, COMPILATION OF MODULE 24C02
OBJECT MODULE PLACED IN .\Obj\24c02.obj
COMPILER INVOKED BY: C:\Keil_v5\C51\BIN\C51.EXE App\24c02\24c02.c OPTIMIZE(8,SPEED) BROWSE INCDIR(.\App\24c02;.\App\iic;
                    -.\App\key;.\App\smg;.\Public) DEBUG OBJECTEXTEND PRINT(.\Obj\24c02.lst) OBJECT(.\Obj\24c02.obj)

line level    source

   1          #include "24c02.h"
   2          #include "iic.h"
   3          
   4          
   5          void at24c02_write_one_byte(u8 addr,u8 dat)
   6          {                                                                                                                                                                                
   7   1          iic_start();  
   8   1              iic_write_byte(0XA0);             
   9   1              iic_wait_ack();    
  10   1          iic_write_byte(addr);  
  11   1              iic_wait_ack();                                                                                                            
  12   1              iic_write_byte(dat);                                                               
  13   1              iic_wait_ack();                            
  14   1          iic_stop();                 
  15   1              delay_ms(10);    
  16   1      }
  17          
  18          
  19          u8 at24c02_read_one_byte(u8 addr)
  20          {                                 
  21   1              u8 temp=0;                                                                                                                                                       
  22   1          iic_start();  
  23   1              iic_write_byte(0XA0);              
  24   1              iic_wait_ack(); 
  25   1          iic_write_byte(addr);   
  26   1              iic_wait_ack();     
  27   1              iic_start();               
  28   1              iic_write_byte(0XA1);                              
  29   1              iic_wait_ack();  
  30   1          temp=iic_read_byte(0);      
  31   1          iic_stop();                    
  32   1              return temp;            
  33   1      }
  34          


MODULE INFORMATION:   STATIC OVERLAYABLE
   CODE SIZE        =     89    ----
   CONSTANT SIZE    =   ----    ----
   XDATA SIZE       =   ----    ----
   PDATA SIZE       =   ----    ----
   DATA SIZE        =   ----       4
   IDATA SIZE       =   ----    ----
   BIT SIZE         =   ----    ----
END OF MODULE INFORMATION.


C51 COMPILATION COMPLETE.  0 WARNING(S),  0 ERROR(S)
