C51 COMPILER V9.60.0.0   LCD                                                               12/12/2023 15:00:35 PAGE 1   


C51 COMPILER V9.60.0.0, COMPILATION OF MODULE LCD
OBJECT MODULE PLACED IN .\Obj\lcd.obj
COMPILER INVOKED BY: C:\Keil_v5\C51\BIN\C51.EXE lcd.c OPTIMIZE(8,SPEED) BROWSE INCDIR(.\App\24c02;.\App\iic;.\App\key;.\
                    -App\smg;.\Public) DEBUG OBJECTEXTEND PRINT(.\Obj\lcd.lst) OBJECT(.\Obj\lcd.obj)

line level    source

   1          #include "lcd.h"
   2          #include <stdio.h>
   3          
   4          #if (LCD1602_4OR8_DATA_INTERFACE==0)//8?LCD
   5          void lcd1602_write_cmd(u8 cmd)
   6          {
   7   1              LCD1602_RS=0;
   8   1              LCD1602_RW=0;
   9   1              LCD1602_E=0;
  10   1              LCD1602_DATAPORT=cmd;
  11   1              delay_ms(1);
  12   1              LCD1602_E=1;
  13   1              delay_ms(1);
  14   1              LCD1602_E=0;
  15   1      }
  16          #else   
              
              #endif
  19          
  20          
  21          #if (LCD1602_4OR8_DATA_INTERFACE==0)//8?LCD
  22          void lcd1602_write_data(u8 dat) 
  23          {
  24   1              LCD1602_RS=1;
  25   1              LCD1602_RW=0;
  26   1              LCD1602_E=0;
  27   1              LCD1602_DATAPORT=dat;
  28   1              delay_ms(1);
  29   1              LCD1602_E=1;
  30   1              delay_ms(1);
  31   1              LCD1602_E=0;
  32   1      }
  33          #else
              
              #endif
  36          
  37          
  38          #if (LCD1602_4OR8_DATA_INTERFACE==0)//8?LCD
  39          void lcd1602_init(void)
  40          {
  41   1              lcd1602_write_cmd(0x38);
  42   1      
  43   1              lcd1602_write_cmd(0x0c);
  44   1              lcd1602_write_cmd(0x06);
  45   1              lcd1602_write_cmd(0x01);        
  46   1              
  47   1      }
  48          #else
              
              #endif
  51          
  52          void lcd1602_clear(void)
  53          {
  54   1              lcd1602_write_cmd(0x01);        
C51 COMPILER V9.60.0.0   LCD                                                               12/12/2023 15:00:35 PAGE 2   

  55   1      }
  56          void LCD_PutChar(char Data){
  57   1              LCD1602_RS=1;
  58   1              lcd1602_write_cmd(Data);
  59   1              LCD1602_RS=0 ;
  60   1      }
  61          void LCD_Puts(char *s){
  62   1              while (*s){
  63   2                      LCD_PutChar(*s);
  64   2                      s++;
  65   2              }
  66   1      }
  67          
  68          void lcd1602_show_string(u8 x,u8 y,u8 *str)
  69          {
  70   1              u8 i=0;
  71   1      
  72   1              if(y>1||x>15)return;
  73   1      
  74   1              if(y<1) 
  75   1              {       
  76   2                      while(*str!='\0')
  77   2                      {
  78   3                              if(i<16-x)
  79   3                              {
  80   4                                      lcd1602_write_cmd(0x80+i+x);
  81   4                              }
  82   3                              else
  83   3                              {
  84   4                                      lcd1602_write_cmd(0x40+0x80+i+x-16);
  85   4                              }
  86   3                              lcd1602_write_data(*str);
  87   3                              str++;
  88   3                              i++;    
  89   3                      }       
  90   2              }
  91   1              else    
  92   1              {
  93   2                      while(*str!='\0')
  94   2                      {
  95   3                              if(i<16-x) 
  96   3                              {
  97   4                                      lcd1602_write_cmd(0x80+0x40+i+x);       
  98   4                              }
  99   3                              else
 100   3                              {
 101   4                                      lcd1602_write_cmd(0x80+i+x-16); 
 102   4                              }
 103   3                              lcd1602_write_data(*str);
 104   3                              str++;
 105   3                              i++;    
 106   3                      }       
 107   2              }                               
 108   1      }
 109          void int_to_str(int num, char *str) {
 110   1          sprintf(str, "%d", num);
 111   1      }
 112          
 113          
 114          void lcd1602_show_integer(u8 x, u8 y, int num) {
 115   1          char num_str[10];  
 116   1          int_to_str(num, num_str);
C51 COMPILER V9.60.0.0   LCD                                                               12/12/2023 15:00:35 PAGE 3   

 117   1          lcd1602_show_string(x, y, num_str);
 118   1      }
 119          


MODULE INFORMATION:   STATIC OVERLAYABLE
   CODE SIZE        =    340    ----
   CONSTANT SIZE    =      3    ----
   XDATA SIZE       =   ----    ----
   PDATA SIZE       =   ----    ----
   DATA SIZE        =   ----      20
   IDATA SIZE       =   ----    ----
   BIT SIZE         =   ----    ----
END OF MODULE INFORMATION.


C51 COMPILATION COMPLETE.  0 WARNING(S),  0 ERROR(S)
