C51 COMPILER V9.60.0.0   PUBLIC                                                            12/12/2023 15:00:36 PAGE 1   


C51 COMPILER V9.60.0.0, COMPILATION OF MODULE PUBLIC
OBJECT MODULE PLACED IN .\Obj\public.obj
COMPILER INVOKED BY: C:\Keil_v5\C51\BIN\C51.EXE Public\public.c OPTIMIZE(8,SPEED) BROWSE INCDIR(.\App\24c02;.\App\iic;.\
                    -App\key;.\App\smg;.\Public) DEBUG OBJECTEXTEND PRINT(.\Obj\public.lst) OBJECT(.\Obj\public.obj)

line level    source

   1          #include "public.h"
   2          
   3          
   4          void delay_10us(u16 ten_us)
   5          {
   6   1              while(ten_us--);        
   7   1      }
   8          
   9          void delay_ms(u16 ms)
  10          {
  11   1              u16 i,j;
  12   1              for(i=ms;i>0;i--)
  13   1                      for(j=110;j>0;j--);
  14   1      }


MODULE INFORMATION:   STATIC OVERLAYABLE
   CODE SIZE        =     41    ----
   CONSTANT SIZE    =   ----    ----
   XDATA SIZE       =   ----    ----
   PDATA SIZE       =   ----    ----
   DATA SIZE        =   ----    ----
   IDATA SIZE       =   ----    ----
   BIT SIZE         =   ----    ----
END OF MODULE INFORMATION.


C51 COMPILATION COMPLETE.  0 WARNING(S),  0 ERROR(S)
