C51 COMPILER V9.60.0.0   SMG                                                               12/12/2023 15:00:35 PAGE 1   


C51 COMPILER V9.60.0.0, COMPILATION OF MODULE SMG
OBJECT MODULE PLACED IN .\Obj\smg.obj
COMPILER INVOKED BY: C:\Keil_v5\C51\BIN\C51.EXE App\smg\smg.c OPTIMIZE(8,SPEED) BROWSE INCDIR(.\App\24c02;.\App\iic;.\Ap
                    -p\key;.\App\smg;.\Public) DEBUG OBJECTEXTEND PRINT(.\Obj\smg.lst) OBJECT(.\Obj\smg.obj)

line level    source

   1          #include "smg.h"
   2          
   3          u8 gsmg_code[17]={0x3f,0x06,0x5b,0x4f,0x66,0x6d,0x7d,0x07,
   4                                          0x7f,0x6f,0x77,0x7c,0x39,0x5e,0x79,0x71};
   5          
   6          
   7          void smg_display(u8 dat[],u8 pos)
   8          {
   9   1              u8 i=0;
  10   1              u8 pos_temp=pos-1;
  11   1      
  12   1              for(i=pos_temp;i<8;i++)
  13   1              {
  14   2                      switch(i)//ฮปัก
  15   2                      {
  16   3                              case 0: LSC=1;LSB=1;LSA=1;break;
  17   3                              case 1: LSC=1;LSB=1;LSA=0;break;
  18   3                              case 2: LSC=1;LSB=0;LSA=1;break;
  19   3                              case 3: LSC=1;LSB=0;LSA=0;break;
  20   3                              case 4: LSC=0;LSB=1;LSA=1;break;
  21   3                              case 5: LSC=0;LSB=1;LSA=0;break;
  22   3                              case 6: LSC=0;LSB=0;LSA=1;break;
  23   3                              case 7: LSC=0;LSB=0;LSA=0;break;
  24   3                      }
  25   2                      SMG_A_DP_PORT=gsmg_code[dat[i-pos_temp]];
  26   2                      delay_10us(100);
  27   2                      SMG_A_DP_PORT=0x00;
  28   2              }
  29   1      }


MODULE INFORMATION:   STATIC OVERLAYABLE
   CODE SIZE        =    157    ----
   CONSTANT SIZE    =   ----    ----
   XDATA SIZE       =   ----    ----
   PDATA SIZE       =   ----    ----
   DATA SIZE        =     17       5
   IDATA SIZE       =   ----    ----
   BIT SIZE         =   ----    ----
END OF MODULE INFORMATION.


C51 COMPILATION COMPLETE.  0 WARNING(S),  0 ERROR(S)
